2025-03-29 09:11:10,170 - INFO - Created backup directory: /mnt/nas/docker
2025-03-29 09:26:17,087 - INFO - Paused container: streammaster
2025-03-29 09:26:17,113 - INFO - Paused container: portainer
2025-03-29 09:26:17,145 - INFO - Paused container: dispatcharr
2025-03-29 09:26:17,172 - INFO - Paused container: metube
2025-03-29 09:26:17,198 - INFO - Paused container: deemix
2025-03-29 09:26:17,224 - INFO - Paused container: synapse
2025-03-29 09:26:17,251 - INFO - Paused container: privatebin
2025-03-29 09:26:17,276 - INFO - Paused container: uptime-kuma
2025-03-29 09:26:17,303 - INFO - Paused container: timetagger
2025-03-29 09:26:17,329 - INFO - Paused container: dockge
2025-03-29 09:26:17,353 - INFO - Paused container: watchtower
2025-03-29 09:26:17,377 - INFO - Paused container: lidarr
2025-03-29 09:26:17,402 - INFO - Paused container: aiptv
2025-03-29 09:26:17,424 - INFO - Paused container: audiobookshelf
2025-03-29 09:26:17,448 - INFO - Paused container: synapse-admin
2025-03-29 09:26:17,471 - INFO - Paused container: homepage-work
2025-03-29 09:26:17,495 - INFO - Paused container: PGAdmin
2025-03-29 09:26:17,518 - INFO - Paused container: flaresolverr
2025-03-29 09:26:17,543 - INFO - Paused container: immich_server
2025-03-29 09:26:17,562 - INFO - Paused container: immich_postgres
2025-03-29 09:26:17,588 - INFO - Paused container: immich_machine_learning
2025-03-29 09:26:17,610 - INFO - Paused container: hoarder_web
2025-03-29 09:26:17,629 - INFO - Paused container: hoarder_search
2025-03-29 09:26:17,653 - INFO - Paused container: homepage
2025-03-29 09:26:17,676 - INFO - Paused container: vaultwarden
2025-03-29 09:26:17,700 - INFO - Paused container: stirlingpdf
2025-03-29 09:26:17,726 - INFO - Paused container: qbit
2025-03-29 09:26:17,750 - INFO - Paused container: trilium
2025-03-29 09:26:17,773 - INFO - Paused container: affine
2025-03-29 09:26:17,796 - INFO - Paused container: affine_redis
2025-03-29 09:26:17,819 - INFO - Paused container: speedtest-tracker
2025-03-29 09:26:17,845 - INFO - Paused container: actual
2025-03-29 09:26:17,869 - INFO - Paused container: code-server
2025-03-29 09:26:17,893 - INFO - Paused container: grafana
2025-03-29 09:26:17,917 - INFO - Paused container: promtail
2025-03-29 09:26:17,941 - INFO - Paused container: prometheus
2025-03-29 09:26:17,965 - INFO - Paused container: unpoller
2025-03-29 09:26:17,990 - INFO - Paused container: meshcentral
2025-03-29 09:26:18,026 - INFO - Paused container: tdarr
2025-03-29 09:26:18,050 - INFO - Paused container: actual_dad
2025-03-29 09:26:18,077 - INFO - Paused container: lubelogger
2025-03-29 09:26:18,101 - INFO - Paused container: navidrome
2025-03-29 09:26:18,125 - INFO - Paused container: authentik-worker
2025-03-29 09:26:18,152 - INFO - Paused container: authentik-server
2025-03-29 09:26:18,176 - INFO - Paused container: authentik-redis
2025-03-29 09:26:18,201 - INFO - Paused container: unifi-network-application
2025-03-29 09:26:18,227 - INFO - Paused container: unifi_mongo
2025-03-29 09:26:18,254 - INFO - Paused container: paperless_server
2025-03-29 09:26:18,277 - INFO - Paused container: paperless_redis
2025-03-29 09:26:18,301 - INFO - Paused container: changedetection
2025-03-29 09:26:18,329 - INFO - Paused container: playwright-chrome
2025-03-29 09:26:18,353 - INFO - Paused container: filerun
2025-03-29 09:26:18,378 - INFO - Paused container: ytdl-sub
2025-03-29 09:26:18,403 - INFO - Paused container: unifi_logs
2025-03-29 09:26:18,427 - INFO - Paused container: unpackerr
2025-03-29 09:26:18,454 - INFO - Paused container: hoarder_chrome
2025-03-29 09:26:18,480 - INFO - Paused container: immich_redis
2025-03-29 09:26:18,490 - INFO - Notification sent: Paused 57 containers for backup
2025-03-29 09:26:18,490 - INFO - Starting backup from /mnt/docker_storage to /mnt/docker_bu/docker_backup_20250329_092616
2025-03-29 09:26:18,498 - INFO - Notification sent: Starting Docker data backup
2025-03-29 11:20:35,641 - INFO - Unpaused container: streammaster
2025-03-29 11:20:35,675 - INFO - Unpaused container: portainer
2025-03-29 11:20:35,712 - INFO - Unpaused container: dispatcharr
2025-03-29 11:20:35,740 - INFO - Unpaused container: metube
2025-03-29 11:20:35,766 - INFO - Unpaused container: deemix
2025-03-29 11:20:35,794 - INFO - Unpaused container: synapse
2025-03-29 11:20:35,822 - INFO - Unpaused container: privatebin
2025-03-29 11:20:35,849 - INFO - Unpaused container: uptime-kuma
2025-03-29 11:20:35,876 - INFO - Unpaused container: timetagger
2025-03-29 11:20:35,912 - INFO - Unpaused container: dockge
2025-03-29 11:20:35,941 - INFO - Unpaused container: watchtower
2025-03-29 11:20:35,972 - INFO - Unpaused container: lidarr
2025-03-29 11:20:36,010 - INFO - Unpaused container: aiptv
2025-03-29 11:20:36,041 - INFO - Unpaused container: audiobookshelf
2025-03-29 11:20:36,069 - INFO - Unpaused container: synapse-admin
2025-03-29 11:20:36,099 - INFO - Unpaused container: homepage-work
2025-03-29 11:20:36,129 - INFO - Unpaused container: PGAdmin
2025-03-29 11:20:36,170 - INFO - Unpaused container: flaresolverr
2025-03-29 11:20:36,205 - INFO - Unpaused container: immich_server
2025-03-29 11:20:36,233 - INFO - Unpaused container: immich_postgres
2025-03-29 11:20:36,256 - INFO - Unpaused container: immich_machine_learning
2025-03-29 11:20:36,279 - INFO - Unpaused container: hoarder_web
2025-03-29 11:20:36,321 - INFO - Unpaused container: hoarder_search
2025-03-29 11:20:36,349 - INFO - Unpaused container: homepage
2025-03-29 11:20:36,378 - INFO - Unpaused container: vaultwarden
2025-03-29 11:20:36,405 - INFO - Unpaused container: stirlingpdf
2025-03-29 11:20:36,440 - INFO - Unpaused container: qbit
2025-03-29 11:20:36,478 - INFO - Unpaused container: trilium
2025-03-29 11:20:36,517 - INFO - Unpaused container: affine
2025-03-29 11:20:36,546 - INFO - Unpaused container: affine_redis
2025-03-29 11:20:36,570 - INFO - Unpaused container: speedtest-tracker
2025-03-29 11:20:36,593 - INFO - Unpaused container: actual
2025-03-29 11:20:36,614 - INFO - Unpaused container: code-server
2025-03-29 11:20:36,654 - INFO - Unpaused container: grafana
2025-03-29 11:20:36,686 - INFO - Unpaused container: promtail
2025-03-29 11:20:36,710 - INFO - Unpaused container: prometheus
2025-03-29 11:20:36,731 - INFO - Unpaused container: unpoller
2025-03-29 11:20:36,756 - INFO - Unpaused container: meshcentral
2025-03-29 11:20:36,783 - INFO - Unpaused container: tdarr
2025-03-29 11:20:36,811 - INFO - Unpaused container: actual_dad
2025-03-29 11:20:36,841 - INFO - Unpaused container: lubelogger
2025-03-29 11:20:36,883 - INFO - Unpaused container: navidrome
2025-03-29 11:20:36,917 - INFO - Unpaused container: authentik-worker
2025-03-29 11:20:36,944 - INFO - Unpaused container: authentik-server
2025-03-29 11:20:36,972 - INFO - Unpaused container: authentik-redis
2025-03-29 11:20:37,003 - INFO - Unpaused container: unifi-network-application
2025-03-29 11:20:37,033 - INFO - Unpaused container: unifi_mongo
2025-03-29 11:20:37,060 - INFO - Unpaused container: paperless_server
2025-03-29 11:20:37,086 - INFO - Unpaused container: paperless_redis
2025-03-29 11:20:37,118 - INFO - Unpaused container: changedetection
2025-03-29 11:20:37,175 - INFO - Unpaused container: playwright-chrome
2025-03-29 11:20:37,195 - INFO - Unpaused container: filerun
2025-03-29 11:20:37,228 - INFO - Unpaused container: ytdl-sub
2025-03-29 11:20:37,249 - INFO - Unpaused container: unifi_logs
2025-03-29 11:20:37,272 - INFO - Unpaused container: unpackerr
2025-03-29 11:20:37,296 - INFO - Unpaused container: hoarder_chrome
2025-03-29 11:20:37,317 - INFO - Unpaused container: immich_redis
2025-03-29 11:20:37,328 - INFO - Notification sent: Unpaused 57 containers after backup
2025-03-29 11:25:12,762 - INFO - Paused container: streammaster
2025-03-29 11:25:12,787 - INFO - Paused container: portainer
2025-03-29 11:25:12,812 - INFO - Paused container: dispatcharr
2025-03-29 11:25:12,836 - INFO - Paused container: metube
2025-03-29 11:25:12,859 - INFO - Paused container: deemix
2025-03-29 11:25:12,883 - INFO - Paused container: synapse
2025-03-29 11:25:12,906 - INFO - Paused container: privatebin
2025-03-29 11:25:12,926 - INFO - Paused container: uptime-kuma
2025-03-29 11:25:12,950 - INFO - Paused container: timetagger
2025-03-29 11:25:12,973 - INFO - Paused container: dockge
2025-03-29 11:25:12,999 - INFO - Paused container: watchtower
2025-03-29 11:25:13,024 - INFO - Paused container: lidarr
2025-03-29 11:25:13,048 - INFO - Paused container: aiptv
2025-03-29 11:25:13,074 - INFO - Paused container: audiobookshelf
2025-03-29 11:25:13,100 - INFO - Paused container: synapse-admin
2025-03-29 11:25:13,126 - INFO - Paused container: homepage-work
2025-03-29 11:25:13,146 - INFO - Paused container: PGAdmin
2025-03-29 11:25:13,171 - INFO - Paused container: flaresolverr
2025-03-29 11:25:13,198 - INFO - Paused container: immich_server
2025-03-29 11:25:13,226 - INFO - Paused container: immich_postgres
2025-03-29 11:25:13,251 - INFO - Paused container: immich_machine_learning
2025-03-29 11:25:13,277 - INFO - Paused container: hoarder_web
2025-03-29 11:25:13,302 - INFO - Paused container: hoarder_search
2025-03-29 11:25:13,327 - INFO - Paused container: homepage
2025-03-29 11:25:13,354 - INFO - Paused container: vaultwarden
2025-03-29 11:25:13,380 - INFO - Paused container: stirlingpdf
2025-03-29 11:25:13,406 - INFO - Paused container: qbit
2025-03-29 11:25:13,433 - INFO - Paused container: trilium
2025-03-29 11:25:13,458 - INFO - Paused container: affine
2025-03-29 11:25:13,484 - INFO - Paused container: affine_redis
2025-03-29 11:25:13,520 - INFO - Paused container: speedtest-tracker
2025-03-29 11:25:13,557 - INFO - Paused container: actual
2025-03-29 11:25:13,582 - INFO - Paused container: code-server
2025-03-29 11:25:13,607 - INFO - Paused container: grafana
2025-03-29 11:25:13,634 - INFO - Paused container: promtail
2025-03-29 11:25:13,660 - INFO - Paused container: prometheus
2025-03-29 11:25:13,687 - INFO - Paused container: unpoller
2025-03-29 11:25:13,712 - INFO - Paused container: meshcentral
2025-03-29 11:25:13,747 - INFO - Paused container: tdarr
2025-03-29 11:25:13,774 - INFO - Paused container: actual_dad
2025-03-29 11:25:13,800 - INFO - Paused container: lubelogger
2025-03-29 11:25:13,825 - INFO - Paused container: navidrome
2025-03-29 11:25:13,852 - INFO - Paused container: authentik-worker
2025-03-29 11:25:13,878 - INFO - Paused container: authentik-server
2025-03-29 11:25:13,903 - INFO - Paused container: authentik-redis
2025-03-29 11:25:13,928 - INFO - Paused container: unifi-network-application
2025-03-29 11:25:13,953 - INFO - Paused container: unifi_mongo
2025-03-29 11:25:13,980 - INFO - Paused container: paperless_server
2025-03-29 11:25:14,007 - INFO - Paused container: paperless_redis
2025-03-29 11:25:14,032 - INFO - Paused container: changedetection
2025-03-29 11:25:14,059 - INFO - Paused container: playwright-chrome
2025-03-29 11:25:14,085 - INFO - Paused container: filerun
2025-03-29 11:25:14,111 - INFO - Paused container: ytdl-sub
2025-03-29 11:25:14,137 - INFO - Paused container: unifi_logs
2025-03-29 11:25:14,162 - INFO - Paused container: unpackerr
2025-03-29 11:25:14,187 - INFO - Paused container: hoarder_chrome
2025-03-29 11:25:14,212 - INFO - Paused container: immich_redis
2025-03-29 11:25:14,224 - INFO - Notification sent: Paused 57 containers for backup
2025-03-29 11:25:14,224 - INFO - Starting backup from /mnt/docker_storage to /mnt/docker_bu/docker_backup_20250329_112512
2025-03-29 11:25:14,232 - INFO - Notification sent: Starting Docker data backup
2025-03-31 09:34:38,263 - ERROR - Command failed: rsync -rhv --no-owner --no-group --progress /mnt/docker_storage/ /mnt/docker_bu/docker_backup_20250329_112512/
2025-03-31 09:34:38,877 - ERROR - Failed to unpause container streammaster: 500 Server Error for http+docker://localhost/v1.48/containers/ecdcbf90033d58f70d03f59521bd3c6f1d4bd831284a043d03daf3585cc53cd2/unpause: Internal Server Error ("Container ecdcbf90033d58f70d03f59521bd3c6f1d4bd831284a043d03daf3585cc53cd2 is not paused")
2025-03-31 09:34:38,893 - ERROR - Failed to unpause container portainer: 500 Server Error for http+docker://localhost/v1.48/containers/2c83027d0d132fc7f7291b7475fa23bfb55bade49666e0744d77743602494575/unpause: Internal Server Error ("Container 2c83027d0d132fc7f7291b7475fa23bfb55bade49666e0744d77743602494575 is not paused")
2025-03-31 09:34:38,923 - ERROR - Failed to unpause container dispatcharr: 500 Server Error for http+docker://localhost/v1.48/containers/a37eca68915d5ed7842818ea65567d29d9b03b1d82f8b7e4814f69e60356df3e/unpause: Internal Server Error ("Container a37eca68915d5ed7842818ea65567d29d9b03b1d82f8b7e4814f69e60356df3e is not paused")
2025-03-31 09:34:38,971 - INFO - Unpaused container: metube
2025-03-31 09:34:39,009 - INFO - Unpaused container: deemix
2025-03-31 09:34:39,054 - INFO - Unpaused container: synapse
2025-03-31 09:34:39,103 - INFO - Unpaused container: privatebin
2025-03-31 09:34:39,168 - INFO - Unpaused container: uptime-kuma
2025-03-31 09:34:39,213 - INFO - Unpaused container: timetagger
2025-03-31 09:34:39,261 - INFO - Unpaused container: dockge
2025-03-31 09:34:39,336 - INFO - Unpaused container: watchtower
2025-03-31 09:34:39,398 - INFO - Unpaused container: lidarr
2025-03-31 09:34:39,423 - ERROR - Failed to unpause container aiptv: 500 Server Error for http+docker://localhost/v1.48/containers/ffc8205a620ca35a6f00c36719e7470c97ae763c7504459e83c5fa196453498c/unpause: Internal Server Error ("Container ffc8205a620ca35a6f00c36719e7470c97ae763c7504459e83c5fa196453498c is not paused")
2025-03-31 09:34:39,508 - INFO - Unpaused container: audiobookshelf
2025-03-31 09:34:39,564 - INFO - Unpaused container: synapse-admin
2025-03-31 09:34:39,644 - INFO - Unpaused container: homepage-work
2025-03-31 09:34:39,712 - INFO - Unpaused container: PGAdmin
2025-03-31 09:34:39,777 - INFO - Unpaused container: flaresolverr
2025-03-31 09:34:39,868 - INFO - Unpaused container: immich_server
2025-03-31 09:34:39,957 - INFO - Unpaused container: immich_postgres
2025-03-31 09:34:40,041 - INFO - Unpaused container: immich_machine_learning
2025-03-31 09:34:40,127 - INFO - Unpaused container: hoarder_web
2025-03-31 09:34:40,216 - INFO - Unpaused container: hoarder_search
2025-03-31 09:34:40,247 - ERROR - Failed to unpause container homepage: 500 Server Error for http+docker://localhost/v1.48/containers/210c1608a94c5e147093ff21b8b74999f0bbd5923152b433afced01a76245de8/unpause: Internal Server Error ("Container 210c1608a94c5e147093ff21b8b74999f0bbd5923152b433afced01a76245de8 is not paused")
2025-03-31 09:34:40,492 - INFO - Unpaused container: vaultwarden
2025-03-31 09:34:40,619 - INFO - Unpaused container: stirlingpdf
2025-03-31 09:34:40,637 - ERROR - Failed to unpause container qbit: 500 Server Error for http+docker://localhost/v1.48/containers/ed08e1c4be04e16f2f5e65885f7332ddd627e473ebfd02aaba0fb0012cfb0c1f/unpause: Internal Server Error ("Container ed08e1c4be04e16f2f5e65885f7332ddd627e473ebfd02aaba0fb0012cfb0c1f is not paused")
2025-03-31 09:34:40,743 - INFO - Unpaused container: trilium
2025-03-31 09:34:40,810 - INFO - Unpaused container: affine
2025-03-31 09:34:40,874 - INFO - Unpaused container: affine_redis
2025-03-31 09:34:40,949 - INFO - Unpaused container: speedtest-tracker
2025-03-31 09:34:41,025 - INFO - Unpaused container: actual
2025-03-31 09:34:41,053 - ERROR - Failed to unpause container code-server: 404 Client Error for http+docker://localhost/v1.48/containers/d03e2be0678849aff1d6eb227c34fccbf706cf91c72d281f3a3fa815d4cd52f3/unpause: Not Found ("No such container: d03e2be0678849aff1d6eb227c34fccbf706cf91c72d281f3a3fa815d4cd52f3")
2025-03-31 09:34:41,063 - ERROR - Failed to unpause container grafana: 404 Client Error for http+docker://localhost/v1.48/containers/ab33299830a552dcbe73bd9ef0f02d5ce41b216a7a0dfcf88cfd71eb17b0c54d/unpause: Not Found ("No such container: ab33299830a552dcbe73bd9ef0f02d5ce41b216a7a0dfcf88cfd71eb17b0c54d")
2025-03-31 09:34:41,080 - ERROR - Failed to unpause container promtail: 404 Client Error for http+docker://localhost/v1.48/containers/95792423dc03de28145e371a6010d19b7a28df54f4c208e95c8bc0ffa0aae7a5/unpause: Not Found ("No such container: 95792423dc03de28145e371a6010d19b7a28df54f4c208e95c8bc0ffa0aae7a5")
2025-03-31 09:34:41,089 - ERROR - Failed to unpause container prometheus: 404 Client Error for http+docker://localhost/v1.48/containers/229af13ef9cd850b7c197bb5ff405712f74e0437ecedd94846c4c0d9c6f2d38f/unpause: Not Found ("No such container: 229af13ef9cd850b7c197bb5ff405712f74e0437ecedd94846c4c0d9c6f2d38f")
2025-03-31 09:34:41,172 - INFO - Unpaused container: unpoller
2025-03-31 09:34:41,257 - INFO - Unpaused container: meshcentral
2025-03-31 09:34:41,386 - INFO - Unpaused container: tdarr
2025-03-31 09:34:41,516 - INFO - Unpaused container: actual_dad
2025-03-31 09:34:41,622 - INFO - Unpaused container: lubelogger
2025-03-31 09:34:41,720 - INFO - Unpaused container: navidrome
2025-03-31 09:34:41,812 - INFO - Unpaused container: authentik-worker
2025-03-31 09:34:41,930 - INFO - Unpaused container: authentik-server
2025-03-31 09:34:42,148 - INFO - Unpaused container: authentik-redis
2025-03-31 09:34:42,354 - INFO - Unpaused container: unifi-network-application
2025-03-31 09:34:42,559 - INFO - Unpaused container: unifi_mongo
2025-03-31 09:34:42,771 - INFO - Unpaused container: paperless_server
2025-03-31 09:34:42,962 - INFO - Unpaused container: paperless_redis
2025-03-31 09:34:43,101 - INFO - Unpaused container: changedetection
2025-03-31 09:34:43,273 - INFO - Unpaused container: playwright-chrome
2025-03-31 09:34:43,747 - INFO - Unpaused container: filerun
2025-03-31 09:34:43,820 - ERROR - Failed to unpause container ytdl-sub: 500 Server Error for http+docker://localhost/v1.48/containers/64b0354adfee95eb5397a6c9ed8f9f375434a8ea0d9776bfba6e467874f5b020/unpause: Internal Server Error ("Container 64b0354adfee95eb5397a6c9ed8f9f375434a8ea0d9776bfba6e467874f5b020 is not paused")
2025-03-31 09:34:44,043 - INFO - Unpaused container: unifi_logs
2025-03-31 09:34:44,052 - ERROR - Failed to unpause container unpackerr: 404 Client Error for http+docker://localhost/v1.48/containers/c62d67022ec2f20730f7a49576f31b91412859dcbcc79f372f6350bcec57d0fd/unpause: Not Found ("No such container: c62d67022ec2f20730f7a49576f31b91412859dcbcc79f372f6350bcec57d0fd")
2025-03-31 09:34:44,263 - INFO - Unpaused container: hoarder_chrome
2025-03-31 09:34:44,435 - INFO - Unpaused container: immich_redis
2025-03-31 09:34:45,110 - INFO - Notification sent: Unpaused 57 containers after backup
2025-03-31 09:34:45,158 - ERROR - Backup process failed: Command 'rsync -rhv --no-owner --no-group --progress /mnt/docker_storage/ /mnt/docker_bu/docker_backup_20250329_112512/' returned non-zero exit status 23.
2025-03-31 09:34:45,184 - INFO - Notification sent: Backup process failed: Command 'rsync -rhv --no-owner --no-group --progress /mnt/docker_storage/ /mnt/docker_bu/docker_backup_20250329_112512/' returned non-zero exit status 23.
2025-03-31 10:08:55,504 - INFO - Paused container: qbit
2025-03-31 10:08:55,530 - INFO - Paused container: homepage
2025-03-31 10:08:55,553 - INFO - Paused container: homepage-work
2025-03-31 10:08:55,576 - INFO - Paused container: lidarr
2025-03-31 10:08:55,599 - INFO - Paused container: dockge
2025-03-31 10:08:55,624 - INFO - Paused container: metube
2025-03-31 10:08:55,649 - INFO - Paused container: code-server
2025-03-31 10:08:55,680 - INFO - Paused container: workdash-influxdb-1
2025-03-31 10:08:55,706 - INFO - Paused container: workdash-web-1
2025-03-31 10:08:55,734 - INFO - Paused container: workdash-grafana-1
2025-03-31 10:08:55,762 - INFO - Paused container: unpackerr
2025-03-31 10:08:55,794 - INFO - Paused container: streammaster
2025-03-31 10:08:55,824 - INFO - Paused container: portainer
2025-03-31 10:08:55,853 - INFO - Paused container: dispatcharr
2025-03-31 10:08:55,877 - INFO - Paused container: deemix
2025-03-31 10:08:55,904 - INFO - Paused container: synapse
2025-03-31 10:08:55,930 - INFO - Paused container: privatebin
2025-03-31 10:08:55,957 - INFO - Paused container: uptime-kuma
2025-03-31 10:08:55,982 - INFO - Paused container: timetagger
2025-03-31 10:08:56,007 - INFO - Paused container: watchtower
2025-03-31 10:08:56,034 - INFO - Paused container: aiptv
2025-03-31 10:08:56,059 - INFO - Paused container: audiobookshelf
2025-03-31 10:08:56,084 - INFO - Paused container: synapse-admin
2025-03-31 10:08:56,114 - INFO - Paused container: PGAdmin
2025-03-31 10:08:56,140 - INFO - Paused container: flaresolverr
2025-03-31 10:08:56,170 - INFO - Paused container: immich_server
2025-03-31 10:08:56,197 - INFO - Paused container: immich_postgres
2025-03-31 10:08:56,225 - INFO - Paused container: immich_machine_learning
2025-03-31 10:08:56,252 - INFO - Paused container: hoarder_web
2025-03-31 10:08:56,279 - INFO - Paused container: hoarder_search
2025-03-31 10:08:56,306 - INFO - Paused container: vaultwarden
2025-03-31 10:08:56,334 - INFO - Paused container: stirlingpdf
2025-03-31 10:08:56,361 - INFO - Paused container: trilium
2025-03-31 10:08:56,387 - INFO - Paused container: affine
2025-03-31 10:08:56,411 - INFO - Paused container: affine_redis
2025-03-31 10:08:56,437 - INFO - Paused container: speedtest-tracker
2025-03-31 10:08:56,462 - INFO - Paused container: actual
2025-03-31 10:08:56,491 - INFO - Paused container: unpoller
2025-03-31 10:08:56,517 - INFO - Paused container: meshcentral
2025-03-31 10:08:56,555 - INFO - Paused container: tdarr
2025-03-31 10:08:56,583 - INFO - Paused container: actual_dad
2025-03-31 10:08:56,609 - INFO - Paused container: lubelogger
2025-03-31 10:08:56,637 - INFO - Paused container: navidrome
2025-03-31 10:08:56,662 - INFO - Paused container: authentik-worker
2025-03-31 10:08:56,691 - INFO - Paused container: authentik-server
2025-03-31 10:08:56,718 - INFO - Paused container: authentik-redis
2025-03-31 10:08:56,745 - INFO - Paused container: unifi-network-application
2025-03-31 10:08:56,772 - INFO - Paused container: unifi_mongo
2025-03-31 10:08:56,799 - INFO - Paused container: paperless_server
2025-03-31 10:08:56,825 - INFO - Paused container: paperless_redis
2025-03-31 10:08:56,852 - INFO - Paused container: changedetection
2025-03-31 10:08:56,880 - INFO - Paused container: playwright-chrome
2025-03-31 10:08:56,907 - INFO - Paused container: filerun
2025-03-31 10:08:56,938 - INFO - Paused container: ytdl-sub
2025-03-31 10:08:56,966 - INFO - Paused container: unifi_logs
2025-03-31 10:08:56,994 - INFO - Paused container: hoarder_chrome
2025-03-31 10:08:57,019 - INFO - Paused container: immich_redis
2025-03-31 10:08:57,029 - INFO - Notification sent: Paused 57 containers for backup
2025-03-31 10:08:57,029 - INFO - Starting backup from /mnt/docker_storage to /mnt/docker_bu/docker_backup_20250331_100855
2025-03-31 10:08:57,037 - INFO - Notification sent: Starting Docker data backup
2025-03-31 10:10:45,441 - INFO - Unpaused container: qbit
2025-03-31 10:10:45,469 - INFO - Unpaused container: homepage
2025-03-31 10:10:45,497 - INFO - Unpaused container: homepage-work
2025-03-31 10:10:45,525 - INFO - Unpaused container: lidarr
2025-03-31 10:10:45,554 - INFO - Unpaused container: dockge
2025-03-31 10:10:45,581 - INFO - Unpaused container: metube
2025-03-31 10:10:45,607 - INFO - Unpaused container: code-server
2025-03-31 10:10:45,633 - INFO - Unpaused container: workdash-influxdb-1
2025-03-31 10:10:45,661 - INFO - Unpaused container: workdash-web-1
2025-03-31 10:10:45,690 - INFO - Unpaused container: workdash-grafana-1
2025-03-31 10:10:45,724 - INFO - Unpaused container: unpackerr
2025-03-31 10:10:45,759 - INFO - Unpaused container: streammaster
2025-03-31 10:10:45,787 - INFO - Unpaused container: portainer
2025-03-31 10:10:45,829 - INFO - Unpaused container: dispatcharr
2025-03-31 10:10:45,859 - INFO - Unpaused container: deemix
2025-03-31 10:10:45,885 - INFO - Unpaused container: synapse
2025-03-31 10:12:54 CDT - INFO - Paused container: qbit
2025-03-31 10:12:54 CDT - INFO - Paused container: homepage
2025-03-31 10:12:54 CDT - INFO - Paused container: homepage-work
2025-03-31 10:12:54 CDT - INFO - Paused container: lidarr
2025-03-31 10:12:54 CDT - INFO - Paused container: dockge
2025-03-31 10:12:54 CDT - INFO - Paused container: metube
2025-03-31 10:12:54 CDT - INFO - Paused container: code-server
2025-03-31 10:12:54 CDT - INFO - Paused container: workdash-influxdb-1
2025-03-31 10:12:54 CDT - INFO - Paused container: workdash-web-1
2025-03-31 10:12:54 CDT - INFO - Paused container: workdash-grafana-1
2025-03-31 10:12:54 CDT - INFO - Paused container: unpackerr
2025-03-31 10:12:54 CDT - INFO - Paused container: streammaster
2025-03-31 10:12:54 CDT - INFO - Paused container: portainer
2025-03-31 10:12:54 CDT - INFO - Paused container: dispatcharr
2025-03-31 10:12:54 CDT - INFO - Paused container: deemix
2025-03-31 10:12:54 CDT - INFO - Paused container: synapse
2025-03-31 10:12:54 CDT - INFO - Paused container: privatebin
2025-03-31 10:12:54 CDT - INFO - Notification sent: Paused 17 containers for backup
2025-03-31 10:12:54 CDT - INFO - Starting incremental backup from /mnt/docker_storage to /mnt/docker_bu/docker_backup_20250331_101254 using link-dest /mnt/docker_bu/docker_backup_20250329_112512
2025-03-31 10:12:54 CDT - INFO - Notification sent: Starting Docker data backup
2025-03-31 10:36:05 CDT - INFO - Unpaused container: qbit
